{
  "stats": {
    "suites": 1,
    "tests": 5,
    "passes": 5,
    "pending": 0,
    "failures": 0,
    "start": "2026-05-10T17:02:31.094Z",
    "end": "2026-05-10T17:02:36.850Z",
    "duration": 5756,
    "testsRegistered": 5,
    "passPercent": 100,
    "pendingPercent": 0,
    "other": 0,
    "hasOther": false,
    "skipped": 0,
    "hasSkipped": false
  },
  "results": [
    {
      "uuid": "2a6812f9-941f-4859-a824-e194d179e1d6",
      "title": "",
      "fullFile": "cypress\\e2e\\login.cy.js",
      "file": "cypress\\e2e\\login.cy.js",
      "beforeHooks": [],
      "afterHooks": [],
      "tests": [],
      "suites": [
        {
          "uuid": "431fdaa6-8a0e-44b4-95a0-8ab748d797f3",
          "title": "Login",
          "fullFile": "",
          "file": "",
          "beforeHooks": [],
          "afterHooks": [],
          "tests": [
            {
              "title": "Realizar login com sucesso",
              "fullTitle": "Login Realizar login com sucesso",
              "timedOut": null,
              "duration": 1237,
              "state": "passed",
              "speed": "fast",
              "pass": true,
              "fail": false,
              "pending": false,
              "context": null,
              "code": "// Arrange\ncy.visit('https://www.saucedemo.com/');\n//Act\ncy.get('[data-test=\"username\"]').type('standard_user');\ncy.get('[data-test=\"password\"]').type('secret_sauce');\ncy.get('[data-test=\"login-button\"]').click();\n//Assert\ncy.url().should('eq', 'https://www.saucedemo.com/inventory.html');",
              "err": {},
              "uuid": "8fe7eb2e-7e54-42e0-ac3a-1754b16ebe31",
              "parentUUID": "431fdaa6-8a0e-44b4-95a0-8ab748d797f3",
              "isHook": false,
              "skipped": false
            },
            {
              "title": "Realizar login com usuário invalido",
              "fullTitle": "Login Realizar login com usuário invalido",
              "timedOut": null,
              "duration": 951,
              "state": "passed",
              "speed": "fast",
              "pass": true,
              "fail": false,
              "pending": false,
              "context": null,
              "code": "// Arrange\ncy.visit('https://www.saucedemo.com/');\n//Act\ncy.get('[data-test=\"username\"]').type('invalid_user');\ncy.get('[data-test=\"password\"]').type('secret_sauce');\ncy.get('[data-test=\"login-button\"]').click();\n//Assert\ncy.get('[data-test=\"error\"]').should('be.visible').and('contain.text', 'Epic sadface: Username and password do not match any user in this service');",
              "err": {},
              "uuid": "3b2696ea-17be-486f-ac25-3faaaa267c2e",
              "parentUUID": "431fdaa6-8a0e-44b4-95a0-8ab748d797f3",
              "isHook": false,
              "skipped": false
            },
            {
              "title": "Realizar login com senha invalida",
              "fullTitle": "Login Realizar login com senha invalida",
              "timedOut": null,
              "duration": 631,
              "state": "passed",
              "speed": "fast",
              "pass": true,
              "fail": false,
              "pending": false,
              "context": null,
              "code": "// Arrange\ncy.visit('https://www.saucedemo.com/');\n//Act\ncy.get('[data-test=\"username\"]').type('standard_user');\ncy.get('[data-test=\"password\"]').type('123');\ncy.get('[data-test=\"login-button\"]').click();\n//Assert\ncy.get('[data-test=\"error\"]').should('be.visible').and('contain.text', 'Epic sadface: Username and password do not match any user in this service');",
              "err": {},
              "uuid": "a5965450-4458-4034-a22a-b5bc7c7f2896",
              "parentUUID": "431fdaa6-8a0e-44b4-95a0-8ab748d797f3",
              "isHook": false,
              "skipped": false
            },
            {
              "title": "Realizar login sem preencher os campos",
              "fullTitle": "Login Realizar login sem preencher os campos",
              "timedOut": null,
              "duration": 169,
              "state": "passed",
              "speed": "fast",
              "pass": true,
              "fail": false,
              "pending": false,
              "context": null,
              "code": "// Arrange\ncy.visit('https://www.saucedemo.com/');\n//Act\ncy.get('[data-test=\"login-button\"]').click();\n//Assert\ncy.get('[data-test=\"error\"]').should('be.visible').and('contain.text', 'Epic sadface: Username is required');",
              "err": {},
              "uuid": "f9a27def-147d-48b5-8562-cb3f0aebe093",
              "parentUUID": "431fdaa6-8a0e-44b4-95a0-8ab748d797f3",
              "isHook": false,
              "skipped": false
            },
            {
              "title": "Realizar login sem preencher o campo senha",
              "fullTitle": "Login Realizar login sem preencher o campo senha",
              "timedOut": null,
              "duration": 467,
              "state": "passed",
              "speed": "fast",
              "pass": true,
              "fail": false,
              "pending": false,
              "context": null,
              "code": "// Arrange\ncy.visit('https://www.saucedemo.com/');\n//Act\ncy.get('[data-test=\"username\"]').type('standard_user');\ncy.get('[data-test=\"login-button\"]').click();\n//Assert\ncy.get('[data-test=\"error\"]').should('be.visible').and('contain.text', 'Epic sadface: Password is required');",
              "err": {},
              "uuid": "1b48287e-8776-42d0-beba-6d7533af7cde",
              "parentUUID": "431fdaa6-8a0e-44b4-95a0-8ab748d797f3",
              "isHook": false,
              "skipped": false
            }
          ],
          "suites": [],
          "passes": [
            "8fe7eb2e-7e54-42e0-ac3a-1754b16ebe31",
            "3b2696ea-17be-486f-ac25-3faaaa267c2e",
            "a5965450-4458-4034-a22a-b5bc7c7f2896",
            "f9a27def-147d-48b5-8562-cb3f0aebe093",
            "1b48287e-8776-42d0-beba-6d7533af7cde"
          ],
          "failures": [],
          "pending": [],
          "skipped": [],
          "duration": 3455,
          "root": false,
          "rootEmpty": false,
          "_timeout": 2000
        }
      ],
      "passes": [],
      "failures": [],
      "pending": [],
      "skipped": [],
      "duration": 0,
      "root": true,
      "rootEmpty": true,
      "_timeout": 2000
    }
  ],
  "meta": {
    "mocha": {
      "version": "7.2.0"
    },
    "mochawesome": {
      "options": {
        "quiet": false,
        "reportFilename": "mochawesome",
        "saveHtml": false,
        "saveJson": true,
        "consoleReporter": "spec",
        "useInlineDiffs": false,
        "code": true
      },
      "version": "7.1.4"
    },
    "marge": {
      "options": {
        "reporterEnabled": "cypress-mochawesome-reporter, mocha-junit-reporter",
        "cypressMochawesomeReporterReporterOptions": {
          "charts": true,
          "reportPageTitle": "Test Report",
          "embeddedScreenshots": true,
          "inlineAssets": true,
          "saveAllAttempts": false
        },
        "reportDir": "cypress/reports",
        "overwrite": false,
        "html": false,
        "json": true
      },
      "version": "6.3.2"
    }
  }
}